MyApplication/app/build/intermediates/manifest_merge_blame_file/debug/processDebugMainManifest/manifest-merger-blame-debug-report.txt
1<?xml version="1.0" encoding="utf-8"?>
2<manifest xmlns:android="http://schemas.android.com/apk/res/android"
3    package="com.example.hallelapp"
4    android:versionCode="1"
5    android:versionName="1.0" >
6
7    <uses-sdk
8        android:minSdkVersion="24"
9        android:targetSdkVersion="34" />
10    <!-- permisão para usar a internet -->
11    <uses-permission android:name="android.permission.INTERNET" />
11-->src\main\AndroidManifest.xml:6:5-67
11-->src\main\AndroidManifest.xml:6:22-64
12
13    <permission
13-->[androidx.core:core:1.9.0] AndroidManifest.xml:22:5-24:47
14        android:name="com.example.hallelapp.DYNAMIC_RECEIVER_NOT_EXPORTED_PERMISSION"
14-->[androidx.core:core:1.9.0] AndroidManifest.xml:23:9-81
15        android:protectionLevel="signature" />
15-->[androidx.core:core:1.9.0] AndroidManifest.xml:24:9-44
16
17    <uses-permission android:name="com.example.hallelapp.DYNAMIC_RECEIVER_NOT_EXPORTED_PERMISSION" />
17-->[androidx.core:core:1.9.0] AndroidManifest.xml:26:5-97
17-->[androidx.core:core:1.9.0] AndroidManifest.xml:26:22-94
18
19    <application
19-->src\main\AndroidManifest.xml:8:5-97:19
20        android:allowBackup="true"
20-->src\main\AndroidManifest.xml:9:9-35
21        android:appComponentFactory="androidx.core.app.CoreComponentFactory"
21-->[androidx.core:core:1.9.0] AndroidManifest.xml:28:18-86
22        android:dataExtractionRules="@xml/data_extraction_rules"
22-->src\main\AndroidManifest.xml:10:9-65
23        android:debuggable="true"
24        android:extractNativeLibs="false"
25        android:fullBackupContent="@xml/backup_rules"
25-->src\main\AndroidManifest.xml:11:9-54
26        android:icon="@mipmap/ic_launcher"
26-->src\main\AndroidManifest.xml:12:9-43
27        android:label="@string/app_name"
27-->src\main\AndroidManifest.xml:13:9-41
28        android:roundIcon="@mipmap/ic_launcher_round"
28-->src\main\AndroidManifest.xml:14:9-54
29        android:supportsRtl="true"
29-->src\main\AndroidManifest.xml:15:9-35
30        android:testOnly="true"
31        android:theme="@style/Theme.HallelApp"
31-->src\main\AndroidManifest.xml:16:9-47
32        android:usesCleartextTraffic="true" >
32-->src\main\AndroidManifest.xml:17:9-44
33        <activity
33-->src\main\AndroidManifest.xml:19:9-21:40
34            android:name="com.example.hallelapp.activity.DadosAssociadoActivity"
34-->src\main\AndroidManifest.xml:20:13-60
35            android:exported="false" />
35-->src\main\AndroidManifest.xml:21:13-37
36        <activity
36-->src\main\AndroidManifest.xml:22:9-24:40
37            android:name="com.example.hallelapp.activity.ListAssociadoActivity"
37-->src\main\AndroidManifest.xml:23:13-59
38            android:exported="false" />
38-->src\main\AndroidManifest.xml:24:13-37
39        <activity
39-->src\main\AndroidManifest.xml:25:9-27:40
40            android:name="com.example.hallelapp.activity.ListMemberActivity"
40-->src\main\AndroidManifest.xml:26:13-56
41            android:exported="false" />
41-->src\main\AndroidManifest.xml:27:13-37
42        <activity
42-->src\main\AndroidManifest.xml:28:9-30:40
43            android:name="com.example.hallelapp.activity.VizualizarEventosEditActivity"
43-->src\main\AndroidManifest.xml:29:13-67
44            android:exported="false" />
44-->src\main\AndroidManifest.xml:30:13-37
45        <activity
45-->src\main\AndroidManifest.xml:31:9-33:40
46            android:name="com.example.hallelapp.activity.EditEventoActivity"
46-->src\main\AndroidManifest.xml:32:13-56
47            android:exported="false" />
47-->src\main\AndroidManifest.xml:33:13-37
48        <activity
48-->src\main\AndroidManifest.xml:34:9-36:40
49            android:name="com.example.hallelapp.activity.CreateEventosActivity"
49-->src\main\AndroidManifest.xml:35:13-59
50            android:exported="false" />
50-->src\main\AndroidManifest.xml:36:13-37
51        <activity
51-->src\main\AndroidManifest.xml:37:9-39:40
52            android:name="com.example.hallelapp.activity.EventosAdmActivity"
52-->src\main\AndroidManifest.xml:38:13-56
53            android:exported="false" />
53-->src\main\AndroidManifest.xml:39:13-37
54        <activity
54-->src\main\AndroidManifest.xml:40:9-42:40
55            android:name="com.example.hallelapp.activity.MainAdmActivity"
55-->src\main\AndroidManifest.xml:41:13-53
56            android:exported="false" />
56-->src\main\AndroidManifest.xml:42:13-37
57        <activity
57-->src\main\AndroidManifest.xml:43:9-45:40
58            android:name="com.example.hallelapp.activity.LoginAdmActiviy"
58-->src\main\AndroidManifest.xml:44:13-53
59            android:exported="false" />
59-->src\main\AndroidManifest.xml:45:13-37
60        <activity
60-->src\main\AndroidManifest.xml:46:9-48:40
61            android:name="com.example.hallelapp.activity.ParticiparDeEventos"
61-->src\main\AndroidManifest.xml:47:13-57
62            android:exported="false" />
62-->src\main\AndroidManifest.xml:48:13-37
63        <activity
63-->src\main\AndroidManifest.xml:49:9-51:40
64            android:name="com.example.hallelapp.activity.PerfilActivity"
64-->src\main\AndroidManifest.xml:50:13-52
65            android:exported="false" />
65-->src\main\AndroidManifest.xml:51:13-37
66        <activity
66-->src\main\AndroidManifest.xml:52:9-54:40
67            android:name="com.example.hallelapp.activity.FormVoluntarioActivity"
67-->src\main\AndroidManifest.xml:53:13-60
68            android:exported="false" />
68-->src\main\AndroidManifest.xml:54:13-37
69        <activity
69-->src\main\AndroidManifest.xml:55:9-57:40
70            android:name="com.example.hallelapp.activity.MoreInfosActivity"
70-->src\main\AndroidManifest.xml:56:13-55
71            android:exported="false" />
71-->src\main\AndroidManifest.xml:57:13-37
72        <activity
72-->src\main\AndroidManifest.xml:58:9-60:40
73            android:name="com.example.hallelapp.activity.VizualizaEventosActivity"
73-->src\main\AndroidManifest.xml:59:13-62
74            android:exported="false" />
74-->src\main\AndroidManifest.xml:60:13-37
75        <activity
75-->src\main\AndroidManifest.xml:61:9-63:40
76            android:name="com.example.hallelapp.activity.CadastroActivity"
76-->src\main\AndroidManifest.xml:62:13-54
77            android:exported="false" />
77-->src\main\AndroidManifest.xml:63:13-37
78        <activity
78-->src\main\AndroidManifest.xml:64:9-66:40
79            android:name="com.example.hallelapp.activity.LoginActivity"
79-->src\main\AndroidManifest.xml:65:13-51
80            android:exported="false" />
80-->src\main\AndroidManifest.xml:66:13-37
81        <activity
81-->src\main\AndroidManifest.xml:68:9-70:40
82            android:name="com.example.hallelapp.activity.DirecionamentoDoacaoActivity"
82-->src\main\AndroidManifest.xml:69:13-66
83            android:exported="false" />
83-->src\main\AndroidManifest.xml:70:13-37
84        <activity
84-->src\main\AndroidManifest.xml:72:9-74:40
85            android:name="com.example.hallelapp.activity.DoacaoDeObjetosAlimentosActivity"
85-->src\main\AndroidManifest.xml:73:13-70
86            android:exported="false" />
86-->src\main\AndroidManifest.xml:74:13-37
87        <activity
87-->src\main\AndroidManifest.xml:77:9-80:20
88            android:name="com.example.hallelapp.MainActivity"
88-->src\main\AndroidManifest.xml:78:13-41
89            android:exported="true" >
89-->src\main\AndroidManifest.xml:79:13-36
90        </activity>
91        <activity
91-->src\main\AndroidManifest.xml:82:9-92:20
92            android:name="com.example.hallelapp.activity.SplashActivity"
92-->src\main\AndroidManifest.xml:83:13-52
93            android:exported="true"
93-->src\main\AndroidManifest.xml:85:13-36
94            android:theme="@style/SplashTheme" >
94-->src\main\AndroidManifest.xml:84:13-47
95            <intent-filter>
95-->src\main\AndroidManifest.xml:87:13-91:29
96                <action android:name="android.intent.action.MAIN" />
96-->src\main\AndroidManifest.xml:88:17-69
96-->src\main\AndroidManifest.xml:88:25-66
97
98                <category android:name="android.intent.category.LAUNCHER" />
98-->src\main\AndroidManifest.xml:90:17-77
98-->src\main\AndroidManifest.xml:90:27-74
99            </intent-filter>
100        </activity>
101
102        <meta-data
102-->src\main\AndroidManifest.xml:94:9-96:57
103            android:name="preloaded_fonts"
103-->src\main\AndroidManifest.xml:95:13-43
104            android:resource="@array/preloaded_fonts" />
104-->src\main\AndroidManifest.xml:96:13-54
105
106        <provider
106-->[androidx.emoji2:emoji2:1.2.0] AndroidManifest.xml:24:9-32:20
107            android:name="androidx.startup.InitializationProvider"
107-->[androidx.emoji2:emoji2:1.2.0] AndroidManifest.xml:25:13-67
108            android:authorities="com.example.hallelapp.androidx-startup"
108-->[androidx.emoji2:emoji2:1.2.0] AndroidManifest.xml:26:13-68
109            android:exported="false" >
109-->[androidx.emoji2:emoji2:1.2.0] AndroidManifest.xml:27:13-37
110            <meta-data
110-->[androidx.emoji2:emoji2:1.2.0] AndroidManifest.xml:29:13-31:52
111                android:name="androidx.emoji2.text.EmojiCompatInitializer"
111-->[androidx.emoji2:emoji2:1.2.0] AndroidManifest.xml:30:17-75
112                android:value="androidx.startup" />
112-->[androidx.emoji2:emoji2:1.2.0] AndroidManifest.xml:31:17-49
113            <meta-data
113-->[androidx.lifecycle:lifecycle-process:2.7.0] AndroidManifest.xml:29:13-31:52
114                android:name="androidx.lifecycle.ProcessLifecycleInitializer"
114-->[androidx.lifecycle:lifecycle-process:2.7.0] AndroidManifest.xml:30:17-78
115                android:value="androidx.startup" />
115-->[androidx.lifecycle:lifecycle-process:2.7.0] AndroidManifest.xml:31:17-49
116            <meta-data
116-->[androidx.profileinstaller:profileinstaller:1.3.0] AndroidManifest.xml:29:13-31:52
117                android:name="androidx.profileinstaller.ProfileInstallerInitializer"
117-->[androidx.profileinstaller:profileinstaller:1.3.0] AndroidManifest.xml:30:17-85
118                android:value="androidx.startup" />
118-->[androidx.profileinstaller:profileinstaller:1.3.0] AndroidManifest.xml:31:17-49
119        </provider>
120
121        <receiver
121-->[androidx.profileinstaller:profileinstaller:1.3.0] AndroidManifest.xml:34:9-52:20
122            android:name="androidx.profileinstaller.ProfileInstallReceiver"
122-->[androidx.profileinstaller:profileinstaller:1.3.0] AndroidManifest.xml:35:13-76
123            android:directBootAware="false"
123-->[androidx.profileinstaller:profileinstaller:1.3.0] AndroidManifest.xml:36:13-44
124            android:enabled="true"
124-->[androidx.profileinstaller:profileinstaller:1.3.0] AndroidManifest.xml:37:13-35
125            android:exported="true"
125-->[androidx.profileinstaller:profileinstaller:1.3.0] AndroidManifest.xml:38:13-36
126            android:permission="android.permission.DUMP" >
126-->[androidx.profileinstaller:profileinstaller:1.3.0] AndroidManifest.xml:39:13-57
127            <intent-filter>
127-->[androidx.profileinstaller:profileinstaller:1.3.0] AndroidManifest.xml:40:13-42:29
128                <action android:name="androidx.profileinstaller.action.INSTALL_PROFILE" />
128-->[androidx.profileinstaller:profileinstaller:1.3.0] AndroidManifest.xml:41:17-91
128-->[androidx.profileinstaller:profileinstaller:1.3.0] AndroidManifest.xml:41:25-88
129            </intent-filter>
130            <intent-filter>
130-->[androidx.profileinstaller:profileinstaller:1.3.0] AndroidManifest.xml:43:13-45:29
131                <action android:name="androidx.profileinstaller.action.SKIP_FILE" />
131-->[androidx.profileinstaller:profileinstaller:1.3.0] AndroidManifest.xml:44:17-85
131-->[androidx.profileinstaller:profileinstaller:1.3.0] AndroidManifest.xml:44:25-82
132            </intent-filter>
133            <intent-filter>
133-->[androidx.profileinstaller:profileinstaller:1.3.0] AndroidManifest.xml:46:13-48:29
134                <action android:name="androidx.profileinstaller.action.SAVE_PROFILE" />
134-->[androidx.profileinstaller:profileinstaller:1.3.0] AndroidManifest.xml:47:17-88
134-->[androidx.profileinstaller:profileinstaller:1.3.0] AndroidManifest.xml:47:25-85
135            </intent-filter>
136            <intent-filter>
136-->[androidx.profileinstaller:profileinstaller:1.3.0] AndroidManifest.xml:49:13-51:29
137                <action android:name="androidx.profileinstaller.action.BENCHMARK_OPERATION" />
137-->[androidx.profileinstaller:profileinstaller:1.3.0] AndroidManifest.xml:50:17-95
137-->[androidx.profileinstaller:profileinstaller:1.3.0] AndroidManifest.xml:50:25-92
138            </intent-filter>
139        </receiver>
140    </application>
141
142</manifest>